<?xml version="1.0" encoding="UTF-8"?>
<!-- Generated by org.testng.reporters.JUnitReportReporter -->
<testsuite hostname="Bilals-MacBook-Pro-2.local" failures="0" tests="8" name="Tests.TestCases" time="138.855" errors="0" timestamp="2023-03-16T13:17:39 PKT" skipped="0">
  <testcase classname="Tests.TestCases" name="countryselector" time="13.180"/>
  <system-out/>
  <testcase classname="Tests.TestCases" name="PreferenceGender" time="4.176"/>
  <system-out/>
  <testcase classname="Tests.TestCases" name="MyAccount" time="4.126"/>
  <system-out/>
  <testcase classname="Tests.TestCases" name="Signin" time="12.557"/>
  <system-out/>
  <testcase classname="Tests.TestCases" name="HomeToPLP" time="41.120"/>
  <system-out/>
  <testcase classname="Tests.TestCases" name="PDP" time="18.856"/>
  <system-out/>
  <testcase classname="Tests.TestCases" name="Cart" time="15.782"/>
  <system-out/>
  <testcase classname="Tests.TestCases" name="Checkout" time="29.058"/>
  <system-out/>
</testsuite> <!-- Tests.TestCases -->
