<?xml version="1.0" encoding="UTF-8"?>
<!-- Generated by org.testng.reporters.JUnitReportReporter -->
<testsuite hostname="Bilals-MacBook-Pro-2.local" failures="0" tests="1" name="Tests.Baseclass" time="0.008" errors="0" timestamp="2023-03-07T11:46:03 PKT" skipped="0">
  <testcase classname="Tests.Baseclass" name="testsample" time="0.008"/>
  <system-out/>
</testsuite> <!-- Tests.Baseclass -->
